app/build/intermediates/manifest_merge_blame_file/debug/manifest-merger-blame-debug-report.txt
1<?xml version="1.0" encoding="utf-8"?>
2<!--
3    ~ Copyright 2022 The TensorFlow Authors. All Rights Reserved.
4    ~
5    ~ Licensed under the Apache License, Version 2.0 (the "License");
6    ~ you may not use this file except in compliance with the License.
7    ~ You may obtain a copy of the License at
8    ~
9    ~       http://www.apache.org/licenses/LICENSE-2.0
10    ~
11    ~ Unless required by applicable law or agreed to in writing, software
12    ~ distributed under the License is distributed on an "AS IS" BASIS,
13    ~ WITHOUT WARRANTIES OR CONDITIONS OF ANY KIND, either express or implied.
14    ~ See the License for the specific language governing permissions and
15    ~ limitations under the License.
16-->
17<manifest xmlns:android="http://schemas.android.com/apk/res/android"
18    xmlns:dist="http://schemas.android.com/apk/distribution"
19    package="org.tensorflow.lite.examples.objectdetection"
20    android:versionCode="1"
21    android:versionName="1.0.0" >
22
23    <uses-sdk
24        android:minSdkVersion="21"
24-->src/main/AndroidManifest.xml
25        android:targetSdkVersion="32" />
25-->src/main/AndroidManifest.xml
26
27    <!-- Enable instant app support -->
28    <dist:module dist:instant="true" />
28-->src/main/AndroidManifest.xml:24:5-40
28-->src/main/AndroidManifest.xml:24:18-37
29
30    <!-- Declare features -->
31    <uses-feature android:name="android.hardware.camera" />
31-->src/main/AndroidManifest.xml:27:5-60
31-->src/main/AndroidManifest.xml:27:19-57
32
33    <!-- Declare permissions -->
34    <uses-permission android:name="android.permission.CAMERA" />
34-->src/main/AndroidManifest.xml:30:5-65
34-->src/main/AndroidManifest.xml:30:22-62
35    <uses-permission android:name="android.permission.ACCESS_FINE_LOCATION" />
35-->src/main/AndroidManifest.xml:31:5-79
35-->src/main/AndroidManifest.xml:31:22-76
36    <uses-permission android:name="android.permission.ACCESS_COARSE_LOCATION" />
36-->src/main/AndroidManifest.xml:32:5-81
36-->src/main/AndroidManifest.xml:32:22-78
37    <uses-permission android:name="android.permission.INTERNET" />
37-->[com.firebaseui:firebase-ui-firestore:7.2.0] AndroidManifest.xml:11:5-67
37-->[com.firebaseui:firebase-ui-firestore:7.2.0] AndroidManifest.xml:11:22-64
38    <uses-permission android:name="android.permission.ACCESS_NETWORK_STATE" />
38-->[com.google.android.gms:play-services-measurement:21.2.2] AndroidManifest.xml:24:5-79
38-->[com.google.android.gms:play-services-measurement:21.2.2] AndroidManifest.xml:24:22-76
39    <uses-permission android:name="android.permission.WAKE_LOCK" />
39-->[com.google.android.gms:play-services-measurement:21.2.2] AndroidManifest.xml:25:5-68
39-->[com.google.android.gms:play-services-measurement:21.2.2] AndroidManifest.xml:25:22-65
40    <uses-permission android:name="com.google.android.finsky.permission.BIND_GET_INSTALL_REFERRER_SERVICE" />
40-->[com.google.android.gms:play-services-measurement:21.2.2] AndroidManifest.xml:26:5-110
40-->[com.google.android.gms:play-services-measurement:21.2.2] AndroidManifest.xml:26:22-107
41    <uses-permission android:name="com.google.android.gms.permission.AD_ID" />
41-->[com.google.android.gms:play-services-measurement-impl:21.2.2] AndroidManifest.xml:27:5-79
41-->[com.google.android.gms:play-services-measurement-impl:21.2.2] AndroidManifest.xml:27:22-76
42    <uses-permission android:name="android.permission.WRITE_EXTERNAL_STORAGE" />
43    <uses-permission android:name="android.permission.READ_PHONE_STATE" />
44    <uses-permission android:name="android.permission.READ_EXTERNAL_STORAGE" />
45
46    <application
46-->src/main/AndroidManifest.xml:35:5-65:19
47        android:allowBackup="true"
47-->src/main/AndroidManifest.xml:39:9-35
48        android:appComponentFactory="androidx.core.app.CoreComponentFactory"
48-->[androidx.core:core:1.6.0] AndroidManifest.xml:24:18-86
49        android:debuggable="true"
50        android:icon="@mipmap/ic_launcher"
50-->src/main/AndroidManifest.xml:36:9-43
51        android:label="@string/app_name"
51-->src/main/AndroidManifest.xml:38:9-41
52        android:roundIcon="@mipmap/ic_launcher_round"
52-->src/main/AndroidManifest.xml:37:9-54
53        android:taskAffinity=""
53-->src/main/AndroidManifest.xml:40:9-32
54        android:testOnly="true" >
55        <activity
55-->src/main/AndroidManifest.xml:43:9-63:20
56            android:name="org.tensorflow.lite.examples.objectdetection.MainActivity"
56-->src/main/AndroidManifest.xml:44:13-41
57            android:clearTaskOnLaunch="true"
57-->src/main/AndroidManifest.xml:45:13-45
58            android:configChanges="orientation|screenLayout|screenSize|smallestScreenSize"
58-->src/main/AndroidManifest.xml:51:13-91
59            android:exported="true"
59-->src/main/AndroidManifest.xml:47:13-36
60            android:icon="@mipmap/ic_launcher"
60-->src/main/AndroidManifest.xml:48:13-47
61            android:resizeableActivity="true"
61-->src/main/AndroidManifest.xml:50:13-46
62            android:rotationAnimation="seamless"
62-->src/main/AndroidManifest.xml:49:13-49
63            android:theme="@style/AppTheme" >
63-->src/main/AndroidManifest.xml:46:13-44
64
65            <!-- Main app intent filter -->
66            <intent-filter>
66-->src/main/AndroidManifest.xml:55:13-58:29
67                <action android:name="android.intent.action.MAIN" />
67-->src/main/AndroidManifest.xml:56:17-69
67-->src/main/AndroidManifest.xml:56:25-66
68
69                <category android:name="android.intent.category.LAUNCHER" />
69-->src/main/AndroidManifest.xml:57:17-77
69-->src/main/AndroidManifest.xml:57:27-74
70            </intent-filter>
71
72            <!-- Declare notch support -->
73            <meta-data
73-->src/main/AndroidManifest.xml:61:13-83
74                android:name="android.notch_support"
74-->src/main/AndroidManifest.xml:61:24-60
75                android:value="true" />
75-->src/main/AndroidManifest.xml:61:61-81
76        </activity>
77
78        <service
78-->[com.google.firebase:firebase-firestore-ktx:24.5.0] AndroidManifest.xml:11:9-17:19
79            android:name="com.google.firebase.components.ComponentDiscoveryService"
79-->[com.google.firebase:firebase-firestore-ktx:24.5.0] AndroidManifest.xml:12:13-84
80            android:directBootAware="true"
80-->[com.google.firebase:firebase-common:20.3.2] AndroidManifest.xml:34:13-43
81            android:exported="false" >
81-->[com.google.firebase:firebase-firestore-ktx:24.5.0] AndroidManifest.xml:13:13-37
82            <meta-data
82-->[com.google.firebase:firebase-firestore-ktx:24.5.0] AndroidManifest.xml:14:13-16:85
83                android:name="com.google.firebase.components:com.google.firebase.firestore.ktx.FirebaseFirestoreKtxRegistrar"
83-->[com.google.firebase:firebase-firestore-ktx:24.5.0] AndroidManifest.xml:15:17-126
84                android:value="com.google.firebase.components.ComponentRegistrar" />
84-->[com.google.firebase:firebase-firestore-ktx:24.5.0] AndroidManifest.xml:16:17-82
85            <meta-data
85-->[com.google.firebase:firebase-analytics-ktx:21.2.2] AndroidManifest.xml:11:13-13:85
86                android:name="com.google.firebase.components:com.google.firebase.analytics.ktx.FirebaseAnalyticsKtxRegistrar"
86-->[com.google.firebase:firebase-analytics-ktx:21.2.2] AndroidManifest.xml:12:17-126
87                android:value="com.google.firebase.components.ComponentRegistrar" />
87-->[com.google.firebase:firebase-analytics-ktx:21.2.2] AndroidManifest.xml:13:17-82
88            <meta-data
88-->[com.google.firebase:firebase-common-ktx:20.3.2] AndroidManifest.xml:14:13-16:85
89                android:name="com.google.firebase.components:com.google.firebase.ktx.FirebaseCommonKtxRegistrar"
89-->[com.google.firebase:firebase-common-ktx:20.3.2] AndroidManifest.xml:15:17-113
90                android:value="com.google.firebase.components.ComponentRegistrar" />
90-->[com.google.firebase:firebase-common-ktx:20.3.2] AndroidManifest.xml:16:17-82
91            <meta-data
91-->[com.google.firebase:firebase-firestore:24.5.0] AndroidManifest.xml:19:13-21:85
92                android:name="com.google.firebase.components:com.google.firebase.firestore.FirestoreRegistrar"
92-->[com.google.firebase:firebase-firestore:24.5.0] AndroidManifest.xml:20:17-111
93                android:value="com.google.firebase.components.ComponentRegistrar" />
93-->[com.google.firebase:firebase-firestore:24.5.0] AndroidManifest.xml:21:17-82
94            <meta-data
94-->[com.google.android.gms:play-services-measurement-api:21.2.2] AndroidManifest.xml:31:13-33:85
95                android:name="com.google.firebase.components:com.google.firebase.analytics.connector.internal.AnalyticsConnectorRegistrar"
95-->[com.google.android.gms:play-services-measurement-api:21.2.2] AndroidManifest.xml:32:17-139
96                android:value="com.google.firebase.components.ComponentRegistrar" />
96-->[com.google.android.gms:play-services-measurement-api:21.2.2] AndroidManifest.xml:33:17-82
97            <meta-data
97-->[com.google.firebase:firebase-installations:17.1.3] AndroidManifest.xml:17:13-19:85
98                android:name="com.google.firebase.components:com.google.firebase.installations.FirebaseInstallationsRegistrar"
98-->[com.google.firebase:firebase-installations:17.1.3] AndroidManifest.xml:18:17-127
99                android:value="com.google.firebase.components.ComponentRegistrar" />
99-->[com.google.firebase:firebase-installations:17.1.3] AndroidManifest.xml:19:17-82
100        </service>
101
102        <uses-library
102-->[androidx.window:window:1.0.0-alpha09] AndroidManifest.xml:25:9-27:40
103            android:name="androidx.window.extensions"
103-->[androidx.window:window:1.0.0-alpha09] AndroidManifest.xml:26:13-54
104            android:required="false" />
104-->[androidx.window:window:1.0.0-alpha09] AndroidManifest.xml:27:13-37
105        <uses-library
105-->[androidx.window:window:1.0.0-alpha09] AndroidManifest.xml:28:9-30:40
106            android:name="androidx.window.sidecar"
106-->[androidx.window:window:1.0.0-alpha09] AndroidManifest.xml:29:13-51
107            android:required="false" />
107-->[androidx.window:window:1.0.0-alpha09] AndroidManifest.xml:30:13-37
108
109        <receiver
109-->[com.google.android.gms:play-services-measurement:21.2.2] AndroidManifest.xml:29:9-33:20
110            android:name="com.google.android.gms.measurement.AppMeasurementReceiver"
110-->[com.google.android.gms:play-services-measurement:21.2.2] AndroidManifest.xml:30:13-85
111            android:enabled="true"
111-->[com.google.android.gms:play-services-measurement:21.2.2] AndroidManifest.xml:31:13-35
112            android:exported="false" >
112-->[com.google.android.gms:play-services-measurement:21.2.2] AndroidManifest.xml:32:13-37
113        </receiver>
114
115        <service
115-->[com.google.android.gms:play-services-measurement:21.2.2] AndroidManifest.xml:35:9-38:40
116            android:name="com.google.android.gms.measurement.AppMeasurementService"
116-->[com.google.android.gms:play-services-measurement:21.2.2] AndroidManifest.xml:36:13-84
117            android:enabled="true"
117-->[com.google.android.gms:play-services-measurement:21.2.2] AndroidManifest.xml:37:13-35
118            android:exported="false" />
118-->[com.google.android.gms:play-services-measurement:21.2.2] AndroidManifest.xml:38:13-37
119        <service
119-->[com.google.android.gms:play-services-measurement:21.2.2] AndroidManifest.xml:39:9-43:72
120            android:name="com.google.android.gms.measurement.AppMeasurementJobService"
120-->[com.google.android.gms:play-services-measurement:21.2.2] AndroidManifest.xml:40:13-87
121            android:enabled="true"
121-->[com.google.android.gms:play-services-measurement:21.2.2] AndroidManifest.xml:41:13-35
122            android:exported="false"
122-->[com.google.android.gms:play-services-measurement:21.2.2] AndroidManifest.xml:42:13-37
123            android:permission="android.permission.BIND_JOB_SERVICE" />
123-->[com.google.android.gms:play-services-measurement:21.2.2] AndroidManifest.xml:43:13-69
124        <service
124-->[androidx.camera:camera-camera2:1.1.0-beta03] AndroidManifest.xml:26:9-35:19
125            android:name="androidx.camera.core.impl.MetadataHolderService"
125-->[androidx.camera:camera-camera2:1.1.0-beta03] AndroidManifest.xml:27:13-75
126            android:enabled="false"
126-->[androidx.camera:camera-camera2:1.1.0-beta03] AndroidManifest.xml:28:13-36
127            android:exported="false" >
127-->[androidx.camera:camera-camera2:1.1.0-beta03] AndroidManifest.xml:29:13-37
128            <meta-data
128-->[androidx.camera:camera-camera2:1.1.0-beta03] AndroidManifest.xml:32:13-34:89
129                android:name="androidx.camera.core.impl.MetadataHolderService.DEFAULT_CONFIG_PROVIDER"
129-->[androidx.camera:camera-camera2:1.1.0-beta03] AndroidManifest.xml:33:17-103
130                android:value="androidx.camera.camera2.Camera2Config$DefaultProvider" />
130-->[androidx.camera:camera-camera2:1.1.0-beta03] AndroidManifest.xml:34:17-86
131        </service>
132        <service
132-->[com.google.android.gms:play-services-tflite-gpu:16.0.0] AndroidManifest.xml:9:9-21:19
133            android:name="com.google.android.gms.metadata.ModuleDependencies"
133-->[com.google.android.gms:play-services-tflite-gpu:16.0.0] AndroidManifest.xml:10:13-78
134            android:enabled="false"
134-->[com.google.android.gms:play-services-tflite-gpu:16.0.0] AndroidManifest.xml:11:13-36
135            android:exported="false" >
135-->[com.google.android.gms:play-services-tflite-gpu:16.0.0] AndroidManifest.xml:12:13-37
136            <intent-filter>
136-->[com.google.android.gms:play-services-tflite-gpu:16.0.0] AndroidManifest.xml:14:13-16:29
137                <action android:name="com.google.android.gms.metadata.MODULE_DEPENDENCIES" />
137-->[com.google.android.gms:play-services-tflite-gpu:16.0.0] AndroidManifest.xml:15:17-94
137-->[com.google.android.gms:play-services-tflite-gpu:16.0.0] AndroidManifest.xml:15:25-91
138            </intent-filter>
139
140            <meta-data
140-->[com.google.android.gms:play-services-tflite-gpu:16.0.0] AndroidManifest.xml:18:13-20:36
141                android:name="tflite_gpu_dynamite:222612000:required"
141-->[com.google.android.gms:play-services-tflite-gpu:16.0.0] AndroidManifest.xml:19:17-70
142                android:value="" />
142-->[com.google.android.gms:play-services-tflite-gpu:16.0.0] AndroidManifest.xml:20:17-33
143            <meta-data
143-->[com.google.android.gms:play-services-tflite-impl:16.0.0] AndroidManifest.xml:18:13-20:36
144                android:name="tflite_dynamite:3:required"
144-->[com.google.android.gms:play-services-tflite-impl:16.0.0] AndroidManifest.xml:19:17-58
145                android:value="" />
145-->[com.google.android.gms:play-services-tflite-impl:16.0.0] AndroidManifest.xml:20:17-33
146        </service>
147
148        <provider
148-->[com.google.firebase:firebase-common:20.3.2] AndroidManifest.xml:25:9-30:39
149            android:name="com.google.firebase.provider.FirebaseInitProvider"
149-->[com.google.firebase:firebase-common:20.3.2] AndroidManifest.xml:26:13-77
150            android:authorities="org.tensorflow.lite.examples.objectdetection.firebaseinitprovider"
150-->[com.google.firebase:firebase-common:20.3.2] AndroidManifest.xml:27:13-72
151            android:directBootAware="true"
151-->[com.google.firebase:firebase-common:20.3.2] AndroidManifest.xml:28:13-43
152            android:exported="false"
152-->[com.google.firebase:firebase-common:20.3.2] AndroidManifest.xml:29:13-37
153            android:initOrder="100" />
153-->[com.google.firebase:firebase-common:20.3.2] AndroidManifest.xml:30:13-36
154
155        <activity
155-->[com.google.android.gms:play-services-base:18.1.0] AndroidManifest.xml:20:9-22:45
156            android:name="com.google.android.gms.common.api.GoogleApiActivity"
156-->[com.google.android.gms:play-services-base:18.1.0] AndroidManifest.xml:20:19-85
157            android:exported="false"
157-->[com.google.android.gms:play-services-base:18.1.0] AndroidManifest.xml:22:19-43
158            android:theme="@android:style/Theme.Translucent.NoTitleBar" />
158-->[com.google.android.gms:play-services-base:18.1.0] AndroidManifest.xml:21:19-78
159
160        <meta-data
160-->[com.google.android.gms:play-services-basement:18.1.0] AndroidManifest.xml:21:9-23:69
161            android:name="com.google.android.gms.version"
161-->[com.google.android.gms:play-services-basement:18.1.0] AndroidManifest.xml:22:13-58
162            android:value="@integer/google_play_services_version" />
162-->[com.google.android.gms:play-services-basement:18.1.0] AndroidManifest.xml:23:13-66
163
164        <provider
164-->[androidx.lifecycle:lifecycle-process:2.2.0] AndroidManifest.xml:25:9-29:43
165            android:name="androidx.lifecycle.ProcessLifecycleOwnerInitializer"
165-->[androidx.lifecycle:lifecycle-process:2.2.0] AndroidManifest.xml:26:13-79
166            android:authorities="org.tensorflow.lite.examples.objectdetection.lifecycle-process"
166-->[androidx.lifecycle:lifecycle-process:2.2.0] AndroidManifest.xml:27:13-69
167            android:exported="false"
167-->[androidx.lifecycle:lifecycle-process:2.2.0] AndroidManifest.xml:28:13-37
168            android:multiprocess="true" />
168-->[androidx.lifecycle:lifecycle-process:2.2.0] AndroidManifest.xml:29:13-40
169    </application>
170
171</manifest>